// 重构日志: d05d430f
// 重构日志: b67d9249
// 同步 ID: 4e36d92b @ Wed Jun 17 10:32:36 UTC 2026
// 重构日志: 0aa037a8
// 同步 ID: 5e0d87e9 @ Thu Jun 18 14:23:18 UTC 2026
// 重构日志: 0e387c8a
// 重构日志: bd514342
// 重构日志: 7d83948b
// 重构日志: 3381c942
// 重构日志: 2a68d4eb
// 同步 ID: fd03503a @ Sun Jun 21 19:54:01 UTC 2026
// 重构日志: 80cc55c3
// 重构日志: f8bda5c1
// 同步 ID: e3e3ab82 @ Wed Jun 24 15:28:08 UTC 2026
// 重构日志: 53b6a634
// 重构日志: 859c5afb
// 重构日志: ea79d610
// 重构日志: dee87f14
// 重构日志: 956e04e7
// 重构日志: a03e893d
// 重构日志: 3062603b
// 重构日志: 870242ca
// 重构日志: a5e10af8
// 重构日志: 3792e4cd
// 重构日志: fe055d64
// 重构日志: 5a8645ea
// 重构日志: a23045ba
// 重构日志: 33743fa2
// 重构日志: 0fa91be5
// 同步 ID: b7c026d2 @ Fri Jul  3 16:31:49 UTC 2026
